Results of doctest builder run on 2025-12-03 14:07:13
=====================================================

Document: usage
---------------
**********************************************************************
File "usage.rst", line 30, in default
Failed example:
    import main
Exception raised:
    Traceback (most recent call last):
      File "/opt/miniconda3/envs/envM1Prog/lib/python3.12/doctest.py", line 1368, in __run
        exec(compile(example.source, filename, "single",
      File "<doctest default[0]>", line 1, in <module>
        import main
      File "/Users/eoinwbh/Desktop/CAPI Projet/planningpoker/back/main.py", line 5, in <module>
        from fastapi import FastAPI, HTTPException, Depends, status
    ModuleNotFoundError: No module named 'fastapi'
**********************************************************************
File "usage.rst", line 31, in default
Failed example:
    main.getCreateurTache()
Exception raised:
    Traceback (most recent call last):
      File "/opt/miniconda3/envs/envM1Prog/lib/python3.12/doctest.py", line 1368, in __run
        exec(compile(example.source, filename, "single",
      File "<doctest default[1]>", line 1, in <module>
        main.getCreateurTache()
        ^^^^
    NameError: name 'main' is not defined. Did you mean: 'min'?
**********************************************************************
1 items had failures:
   2 of   2 in default
2 tests in 1 items.
0 passed and 2 failed.
***Test Failed*** 2 failures.

Doctest summary
===============
    2 tests
    2 failures in tests
    0 failures in setup code
    0 failures in cleanup code
